#
# A fatal error has been detected by the Java Runtime Environment:
#
#  EXCEPTION_ACCESS_VIOLATION (0xc0000005) at pc=0x000000007110b5db, pid=12932, tid=10048
#
# JRE version: Java(TM) SE Runtime Environment (11.0.1+13) (build 11.0.1+13-LTS)
# Java VM: Java HotSpot(TM) 64-Bit Server VM (11.0.1+13-LTS, mixed mode, tiered, compressed oops, g1 gc, windows-amd64)
# Problematic frame:
# C  [jSSC-2.8_x86_64.dll+0xb5db]
#
# No core dump will be written. Minidumps are not enabled by default on client versions of Windows
#
# If you would like to submit a bug report, please visit:
#   http://bugreport.java.com/bugreport/crash.jsp
# The crash happened outside the Java Virtual Machine in native code.
# See problematic frame for where to report the bug.
#

---------------  S U M M A R Y ------------

Command Line: -javaagent:C:\Program Files\JetBrains\IntelliJ IDEA 2019.2.3\lib\idea_rt.jar=58386:C:\Program Files\JetBrains\IntelliJ IDEA 2019.2.3\bin -Dfile.encoding=UTF-8 com.example.ApplicationKt

Host: Intel(R) Core(TM) i5-7200U CPU @ 2.50GHz, 4 cores, 7G,  Windows 10 , 64 bit Build 18362 (10.0.18362.329)
Time: Thu Apr  2 16:55:07 2020 RTZ 4 (ceia) elapsed time: 6 seconds (0d 0h 0m 6s)

---------------  T H R E A D  ---------------

Current thread (0x000001dbd1e0c800):  JavaThread "main" [_thread_in_native, id=10048, stack(0x00000005ee500000,0x00000005ee600000)]

Stack: [0x00000005ee500000,0x00000005ee600000],  sp=0x00000005ee5fde00,  free space=1015k
Native frames: (J=compiled Java code, j=interpreted, Vv=VM code, C=native code)
C  [jSSC-2.8_x86_64.dll+0xb5db]

Java frames: (J=compiled Java code, j=interpreted, Vv=VM code)
j  jssc.SerialNativeInterface.openPort(Ljava/lang/String;Z)J+0
j  jssc.SerialPort.openPort()Z+65
j  com.example.ApplicationKt.module(Lio/ktor/application/Application;)V+18
v  ~StubRoutines::call_stub
j  jdk.internal.reflect.NativeMethodAccessorImpl.invoke0(Ljava/lang/reflect/Method;Ljava/lang/Object;[Ljava/lang/Object;)Ljava/lang/Object;+0 java.base@11.0.1
j  jdk.internal.reflect.NativeMethodAccessorImpl.invoke(Ljava/lang/Object;[Ljava/lang/Object;)Ljava/lang/Object;+100 java.base@11.0.1
j  jdk.internal.reflect.DelegatingMethodAccessorImpl.invoke(Ljava/lang/Object;[Ljava/lang/Object;)Ljava/lang/Object;+6 java.base@11.0.1
j  java.lang.reflect.Method.invoke(Ljava/lang/Object;[Ljava/lang/Object;)Ljava/lang/Object;+59 java.base@11.0.1
j  kotlin.reflect.jvm.internal.calls.CallerImpl$Method.callMethod(Ljava/lang/Object;[Ljava/lang/Object;)Ljava/lang/Object;+20
j  kotlin.reflect.jvm.internal.calls.CallerImpl$Method$Static.call([Ljava/lang/Object;)Ljava/lang/Object;+14
j  kotlin.reflect.jvm.internal.KCallableImpl.call([Ljava/lang/Object;)Ljava/lang/Object;+16
j  kotlin.reflect.jvm.internal.KCallableImpl.callDefaultMethod$kotlin_reflection(Ljava/util/Map;Lkotlin/coroutines/Continuation;)Ljava/lang/Object;+298
j  kotlin.reflect.jvm.internal.KCallableImpl.callBy(Ljava/util/Map;)Ljava/lang/Object;+24
j  io.ktor.server.engine.ApplicationEngineEnvironmentReloading.callFunctionWithInjection(Ljava/lang/Object;Lkotlin/reflect/KFunction;Lio/ktor/application/Application;)Ljava/lang/Object;+514
j  io.ktor.server.engine.ApplicationEngineEnvironmentReloading.executeModuleFunction(Ljava/lang/ClassLoader;Ljava/lang/String;Lio/ktor/application/Application;)V+665
j  io.ktor.server.engine.ApplicationEngineEnvironmentReloading.access$executeModuleFunction(Lio/ktor/server/engine/ApplicationEngineEnvironmentReloading;Ljava/lang/ClassLoader;Ljava/lang/String;Lio/ktor/application/Application;)V+4
j  io.ktor.server.engine.ApplicationEngineEnvironmentReloading$instantiateAndConfigureApplication$1$$special$$inlined$forEach$lambda$1.invoke()V+25
j  io.ktor.server.engine.ApplicationEngineEnvironmentReloading$instantiateAndConfigureApplication$1$$special$$inlined$forEach$lambda$1.invoke()Ljava/lang/Object;+1
j  io.ktor.server.engine.ApplicationEngineEnvironmentReloading.avoidingDoubleStartupFor(Ljava/lang/String;Lkotlin/jvm/functions/Function0;)V+123
j  io.ktor.server.engine.ApplicationEngineEnvironmentReloading.access$avoidingDoubleStartupFor(Lio/ktor/server/engine/ApplicationEngineEnvironmentReloading;Ljava/lang/String;Lkotlin/jvm/functions/Function0;)V+3
j  io.ktor.server.engine.ApplicationEngineEnvironmentReloading$instantiateAndConfigureApplication$1.invoke()V+70
j  io.ktor.server.engine.ApplicationEngineEnvironmentReloading$instantiateAndConfigureApplication$1.invoke()Ljava/lang/Object;+1
j  io.ktor.server.engine.ApplicationEngineEnvironmentReloading.avoidingDoubleStartup(Lkotlin/jvm/functions/Function0;)V+2
j  io.ktor.server.engine.ApplicationEngineEnvironmentReloading.instantiateAndConfigureApplication(Ljava/lang/ClassLoader;)Lio/ktor/application/Application;+34
j  io.ktor.server.engine.ApplicationEngineEnvironmentReloading.createApplication()Lkotlin/Pair;+29
j  io.ktor.server.engine.ApplicationEngineEnvironmentReloading.start()V+83
j  io.ktor.server.netty.NettyApplicationEngine.start(Z)Lio/ktor/server/netty/NettyApplicationEngine;+4
j  io.ktor.server.netty.EngineMain.main([Ljava/lang/String;)V+51
j  com.example.ApplicationKt.main([Ljava/lang/String;)V+7
v  ~StubRoutines::call_stub

siginfo: EXCEPTION_ACCESS_VIOLATION (0xc0000005), reading address 0xffffffffcfe2b1fb


Register to memory mapping:

RIP=0x000000007110b5db jSSC-2.8_x86_64.dll
RAX=0xffffffffcfe2b1fb is an unknown value
RBX=0x00000005ee5fde70 is pointing into the stack for thread: 0x000001dbd1e0c800
RCX=0x00007ffce835c2a4 ntdll.dll
RDX=0x0 is NULL
RSP=0x00000005ee5fde00 is pointing into the stack for thread: 0x000001dbd1e0c800
RBP=0x00000005ee5fdf80 is pointing into the stack for thread: 0x000001dbd1e0c800
RSI=0x000001dbd1e0cb40 points into unknown readable memory
RDI=0x00000000000006c4 is an unknown value
R8 =0x00000005ee5fdcf8 is pointing into the stack for thread: 0x000001dbd1e0c800
R9 =0x00000005ee5fddf0 is pointing into the stack for thread: 0x000001dbd1e0c800
R10=0x0 is NULL
R11=0x0000000000000246 is an unknown value
R12=0x00000005ee5fe040 is pointing into the stack for thread: 0x000001dbd1e0c800
R13=0x000001dbf1a3e070 points into unknown readable memory
R14=0x00000005ee5fdf30 is pointing into the stack for thread: 0x000001dbd1e0c800
R15=0x000001dbd1e0c800 is a thread


Registers:
RAX=0xffffffffcfe2b1fb, RBX=0x00000005ee5fde70, RCX=0x00007ffce835c2a4, RDX=0x0000000000000000
RSP=0x00000005ee5fde00, RBP=0x00000005ee5fdf80, RSI=0x000001dbd1e0cb40, RDI=0x00000000000006c4
R8 =0x00000005ee5fdcf8, R9 =0x00000005ee5fddf0, R10=0x0000000000000000, R11=0x0000000000000246
R12=0x00000005ee5fe040, R13=0x000001dbf1a3e070, R14=0x00000005ee5fdf30, R15=0x000001dbd1e0c800
RIP=0x000000007110b5db, EFLAGS=0x0000000000010202

Top of Stack: (sp=0x00000005ee5fde00)
0x00000005ee5fde00:   000001dbf1beba10 0000002ee82ffc11
0x00000005ee5fde10:   000000007110b230 000001dbf1a3dd40
0x00000005ee5fde20:   00000005ee5fdf80 0000000000000004
0x00000005ee5fde30:   000001dbd1e0cb40 00000000000006c4
0x00000005ee5fde40:   00000005ee5fdf80 0000000071112590
0x00000005ee5fde50:   000001dbd1e0c800 00000005ee5fdf30
0x00000005ee5fde60:   000001dbf1a3e070 00000005ee5fe040
0x00000005ee5fde70:   000001dbf1a3e070 00007ffce82ffc11
0x00000005ee5fde80:   00000005ee5fdeb0 000001dbcfc00000
0x00000005ee5fde90:   00000005ee5fdf80 0000000000000000
0x00000005ee5fdea0:   0000000071113500 0000000071113be8
0x00000005ee5fdeb0:   00000005ee5fdee0 0000000071112641
0x00000005ee5fdec0:   00000005ee5fde50 000001dbd1e0cb40
0x00000005ee5fded0:   0000000000000000 0000000000000000
0x00000005ee5fdee0:   00000005ee5fdf80 0000000071101595
0x00000005ee5fdef0:   000000000000001c 000001db00000000 

Instructions: (pc=0x000000007110b5db)
0x000000007110b5bb:   c5 0f 1f 40 00 55 57 56 53 48 83 ec 28 48 8b 05
0x000000007110b5cb:   39 33 01 00 48 89 cb 48 85 c0 0f 84 c5 00 00 00
0x000000007110b5db:   8b 38 85 ff 0f 88 ab 00 00 00 48 8b 05 1c 33 01
0x000000007110b5eb:   00 48 85 c0 0f 84 bc 00 00 00 8b 30 85 f6 74 57 



---------------  P R O C E S S  ---------------

Threads class SMR info:
_java_thread_list=0x000001dbf19ad430, length=12, elements={
0x000001dbd1e0c800, 0x000001dbf0149800, 0x000001dbf014a800, 0x000001dbf0ac2800,
0x000001dbf0ac5000, 0x000001dbf0ac8800, 0x000001dbf0aca800, 0x000001dbf0ad0800,
0x000001dbf0c2f800, 0x000001dbf0f67800, 0x000001dbf0f68800, 0x000001dbf1a3d800
}

Java Threads: ( => current thread )
=>0x000001dbd1e0c800 JavaThread "main" [_thread_in_native, id=10048, stack(0x00000005ee500000,0x00000005ee600000)]
  0x000001dbf0149800 JavaThread "Reference Handler" daemon [_thread_blocked, id=12240, stack(0x00000005eed00000,0x00000005eee00000)]
  0x000001dbf014a800 JavaThread "Finalizer" daemon [_thread_blocked, id=3164, stack(0x00000005eee00000,0x00000005eef00000)]
  0x000001dbf0ac2800 JavaThread "Signal Dispatcher" daemon [_thread_blocked, id=8144, stack(0x00000005eef00000,0x00000005ef000000)]
  0x000001dbf0ac5000 JavaThread "Attach Listener" daemon [_thread_blocked, id=11972, stack(0x00000005ef000000,0x00000005ef100000)]
  0x000001dbf0ac8800 JavaThread "C2 CompilerThread0" daemon [_thread_blocked, id=7604, stack(0x00000005ef100000,0x00000005ef200000)]
  0x000001dbf0aca800 JavaThread "C1 CompilerThread0" daemon [_thread_blocked, id=9312, stack(0x00000005ef200000,0x00000005ef300000)]
  0x000001dbf0ad0800 JavaThread "Sweeper thread" daemon [_thread_blocked, id=10572, stack(0x00000005ef300000,0x00000005ef400000)]
  0x000001dbf0c2f800 JavaThread "Common-Cleaner" daemon [_thread_blocked, id=5360, stack(0x00000005ef400000,0x00000005ef500000)]
  0x000001dbf0f67800 JavaThread "Monitor Ctrl-Break" daemon [_thread_in_native, id=5796, stack(0x00000005ef500000,0x00000005ef600000)]
  0x000001dbf0f68800 JavaThread "Service Thread" daemon [_thread_blocked, id=7436, stack(0x00000005ef600000,0x00000005ef700000)]
  0x000001dbf1a3d800 JavaThread "C2 CompilerThread1" daemon [_thread_blocked, id=5068, stack(0x00000005efa00000,0x00000005efb00000)]

Other Threads:
  0x000001dbf0120800 VMThread "VM Thread" [stack: 0x00000005eec00000,0x00000005eed00000] [id=9488]
  0x000001dbf0cfa800 WatcherThread [stack: 0x00000005ef700000,0x00000005ef800000] [id=1776]
  0x000001dbd1e25800 GCTaskThread "GC Thread#0" [stack: 0x00000005ee700000,0x00000005ee800000] [id=8520]
  0x000001dbf154e800 GCTaskThread "GC Thread#1" [stack: 0x00000005ef800000,0x00000005ef900000] [id=9804]
  0x000001dbf13b9000 GCTaskThread "GC Thread#2" [stack: 0x00000005ef900000,0x00000005efa00000] [id=8768]
  0x000001dbd1e54000 ConcurrentGCThread "G1 Main Marker" [stack: 0x00000005ee800000,0x00000005ee900000] [id=9056]
  0x000001dbd1e56000 ConcurrentGCThread "G1 Conc#0" [stack: 0x00000005ee900000,0x00000005eea00000] [id=568]
  0x000001dbeff8a800 ConcurrentGCThread "G1 Refine#0" [stack: 0x00000005eea00000,0x00000005eeb00000] [id=9636]
  0x000001dbd1ece800 ConcurrentGCThread "G1 Young RemSet Sampling" [stack: 0x00000005eeb00000,0x00000005eec00000] [id=8720]

Threads with active compile tasks:

VM state:not at safepoint (normal execution)

VM Mutex/Monitor currently owned by a thread: None

Heap address: 0x0000000081c00000, size: 2020 MB, Compressed Oops mode: 32-bit
Narrow klass base: 0x0000000000000000, Narrow klass shift: 3
Compressed class space size: 1073741824 Address: 0x0000000100000000

Heap:
 garbage-first heap   total 131072K, used 10570K [0x0000000081c00000, 0x0000000100000000)
  region size 1024K, 8 young (8192K), 3 survivors (3072K)
 Metaspace       used 21696K, capacity 21986K, committed 22192K, reserved 1069056K
  class space    used 2388K, capacity 2475K, committed 2560K, reserved 1048576K
Heap Regions: E=young(eden), S=young(survivor), O=old, HS=humongous(starts), HC=humongous(continues), CS=collection set, F=free, A=archive, TAMS=top-at-mark-start (previous, next)
|   0|0x0000000081c00000, 0x0000000081d00000, 0x0000000081d00000|100%| O|  |TAMS 0x0000000081d00000, 0x0000000081c00000| Untracked 
|   1|0x0000000081d00000, 0x0000000081e00000, 0x0000000081e00000|100%| O|  |TAMS 0x0000000081e00000, 0x0000000081d00000| Untracked 
|   2|0x0000000081e00000, 0x0000000081f00000, 0x0000000081f00000|100%| O|  |TAMS 0x0000000081f00000, 0x0000000081e00000| Untracked 
|   3|0x0000000081f00000, 0x0000000081fc7800, 0x0000000082000000| 77%| O|  |TAMS 0x0000000081fc7800, 0x0000000081f00000| Untracked 
|   4|0x0000000082000000, 0x0000000082000000, 0x0000000082100000|  0%| F|  |TAMS 0x0000000082000000, 0x0000000082000000| Untracked 
|   5|0x0000000082100000, 0x0000000082100000, 0x0000000082200000|  0%| F|  |TAMS 0x0000000082100000, 0x0000000082100000| Untracked 
|   6|0x0000000082200000, 0x0000000082200000, 0x0000000082300000|  0%| F|  |TAMS 0x0000000082200000, 0x0000000082200000| Untracked 
|   7|0x0000000082300000, 0x0000000082300000, 0x0000000082400000|  0%| F|  |TAMS 0x0000000082300000, 0x0000000082300000| Untracked 
|   8|0x0000000082400000, 0x0000000082400000, 0x0000000082500000|  0%| F|  |TAMS 0x0000000082400000, 0x0000000082400000| Untracked 
|   9|0x0000000082500000, 0x0000000082500000, 0x0000000082600000|  0%| F|  |TAMS 0x0000000082500000, 0x0000000082500000| Untracked 
|  10|0x0000000082600000, 0x0000000082600000, 0x0000000082700000|  0%| F|  |TAMS 0x0000000082600000, 0x0000000082600000| Untracked 
|  11|0x0000000082700000, 0x0000000082700000, 0x0000000082800000|  0%| F|  |TAMS 0x0000000082700000, 0x0000000082700000| Untracked 
|  12|0x0000000082800000, 0x0000000082800000, 0x0000000082900000|  0%| F|  |TAMS 0x0000000082800000, 0x0000000082800000| Untracked 
|  13|0x0000000082900000, 0x0000000082900000, 0x0000000082a00000|  0%| F|  |TAMS 0x0000000082900000, 0x0000000082900000| Untracked 
|  14|0x0000000082a00000, 0x0000000082a00000, 0x0000000082b00000|  0%| F|  |TAMS 0x0000000082a00000, 0x0000000082a00000| Untracked 
|  15|0x0000000082b00000, 0x0000000082b00000, 0x0000000082c00000|  0%| F|  |TAMS 0x0000000082b00000, 0x0000000082b00000| Untracked 
|  16|0x0000000082c00000, 0x0000000082c00000, 0x0000000082d00000|  0%| F|  |TAMS 0x0000000082c00000, 0x0000000082c00000| Untracked 
|  17|0x0000000082d00000, 0x0000000082d00000, 0x0000000082e00000|  0%| F|  |TAMS 0x0000000082d00000, 0x0000000082d00000| Untracked 
|  18|0x0000000082e00000, 0x0000000082e00000, 0x0000000082f00000|  0%| F|  |TAMS 0x0000000082e00000, 0x0000000082e00000| Untracked 
|  19|0x0000000082f00000, 0x0000000082f00000, 0x0000000083000000|  0%| F|  |TAMS 0x0000000082f00000, 0x0000000082f00000| Untracked 
|  20|0x0000000083000000, 0x0000000083000000, 0x0000000083100000|  0%| F|  |TAMS 0x0000000083000000, 0x0000000083000000| Untracked 
|  21|0x0000000083100000, 0x0000000083100000, 0x0000000083200000|  0%| F|  |TAMS 0x0000000083100000, 0x0000000083100000| Untracked 
|  22|0x0000000083200000, 0x0000000083200000, 0x0000000083300000|  0%| F|  |TAMS 0x0000000083200000, 0x0000000083200000| Untracked 
|  23|0x0000000083300000, 0x0000000083300000, 0x0000000083400000|  0%| F|  |TAMS 0x0000000083300000, 0x0000000083300000| Untracked 
|  24|0x0000000083400000, 0x0000000083400000, 0x0000000083500000|  0%| F|  |TAMS 0x0000000083400000, 0x0000000083400000| Untracked 
|  25|0x0000000083500000, 0x0000000083500000, 0x0000000083600000|  0%| F|  |TAMS 0x0000000083500000, 0x0000000083500000| Untracked 
|  26|0x0000000083600000, 0x0000000083600000, 0x0000000083700000|  0%| F|  |TAMS 0x0000000083600000, 0x0000000083600000| Untracked 
|  27|0x0000000083700000, 0x0000000083700000, 0x0000000083800000|  0%| F|  |TAMS 0x0000000083700000, 0x0000000083700000| Untracked 
|  28|0x0000000083800000, 0x0000000083800000, 0x0000000083900000|  0%| F|  |TAMS 0x0000000083800000, 0x0000000083800000| Untracked 
|  29|0x0000000083900000, 0x0000000083900000, 0x0000000083a00000|  0%| F|  |TAMS 0x0000000083900000, 0x0000000083900000| Untracked 
|  30|0x0000000083a00000, 0x0000000083a00000, 0x0000000083b00000|  0%| F|  |TAMS 0x0000000083a00000, 0x0000000083a00000| Untracked 
|  31|0x0000000083b00000, 0x0000000083b00000, 0x0000000083c00000|  0%| F|  |TAMS 0x0000000083b00000, 0x0000000083b00000| Untracked 
|  32|0x0000000083c00000, 0x0000000083c00000, 0x0000000083d00000|  0%| F|  |TAMS 0x0000000083c00000, 0x0000000083c00000| Untracked 
|  33|0x0000000083d00000, 0x0000000083d00000, 0x0000000083e00000|  0%| F|  |TAMS 0x0000000083d00000, 0x0000000083d00000| Untracked 
|  34|0x0000000083e00000, 0x0000000083e00000, 0x0000000083f00000|  0%| F|  |TAMS 0x0000000083e00000, 0x0000000083e00000| Untracked 
|  35|0x0000000083f00000, 0x0000000083f00000, 0x0000000084000000|  0%| F|  |TAMS 0x0000000083f00000, 0x0000000083f00000| Untracked 
|  36|0x0000000084000000, 0x0000000084000000, 0x0000000084100000|  0%| F|  |TAMS 0x0000000084000000, 0x0000000084000000| Untracked 
|  37|0x0000000084100000, 0x0000000084100000, 0x0000000084200000|  0%| F|  |TAMS 0x0000000084100000, 0x0000000084100000| Untracked 
|  38|0x0000000084200000, 0x0000000084200000, 0x0000000084300000|  0%| F|  |TAMS 0x0000000084200000, 0x0000000084200000| Untracked 
|  39|0x0000000084300000, 0x0000000084300000, 0x0000000084400000|  0%| F|  |TAMS 0x0000000084300000, 0x0000000084300000| Untracked 
|  40|0x0000000084400000, 0x0000000084400000, 0x0000000084500000|  0%| F|  |TAMS 0x0000000084400000, 0x0000000084400000| Untracked 
|  41|0x0000000084500000, 0x0000000084500000, 0x0000000084600000|  0%| F|  |TAMS 0x0000000084500000, 0x0000000084500000| Untracked 
|  42|0x0000000084600000, 0x0000000084600000, 0x0000000084700000|  0%| F|  |TAMS 0x0000000084600000, 0x0000000084600000| Untracked 
|  43|0x0000000084700000, 0x0000000084700000, 0x0000000084800000|  0%| F|  |TAMS 0x0000000084700000, 0x0000000084700000| Untracked 
|  44|0x0000000084800000, 0x0000000084800000, 0x0000000084900000|  0%| F|  |TAMS 0x0000000084800000, 0x0000000084800000| Untracked 
|  45|0x0000000084900000, 0x0000000084900000, 0x0000000084a00000|  0%| F|  |TAMS 0x0000000084900000, 0x0000000084900000| Untracked 
|  46|0x0000000084a00000, 0x0000000084a00000, 0x0000000084b00000|  0%| F|  |TAMS 0x0000000084a00000, 0x0000000084a00000| Untracked 
|  47|0x0000000084b00000, 0x0000000084b00000, 0x0000000084c00000|  0%| F|  |TAMS 0x0000000084b00000, 0x0000000084b00000| Untracked 
|  48|0x0000000084c00000, 0x0000000084c00000, 0x0000000084d00000|  0%| F|  |TAMS 0x0000000084c00000, 0x0000000084c00000| Untracked 
|  49|0x0000000084d00000, 0x0000000084d00000, 0x0000000084e00000|  0%| F|  |TAMS 0x0000000084d00000, 0x0000000084d00000| Untracked 
|  50|0x0000000084e00000, 0x0000000084e00000, 0x0000000084f00000|  0%| F|  |TAMS 0x0000000084e00000, 0x0000000084e00000| Untracked 
|  51|0x0000000084f00000, 0x0000000084f00000, 0x0000000085000000|  0%| F|  |TAMS 0x0000000084f00000, 0x0000000084f00000| Untracked 
|  52|0x0000000085000000, 0x0000000085000000, 0x0000000085100000|  0%| F|  |TAMS 0x0000000085000000, 0x0000000085000000| Untracked 
|  53|0x0000000085100000, 0x0000000085100000, 0x0000000085200000|  0%| F|  |TAMS 0x0000000085100000, 0x0000000085100000| Untracked 
|  54|0x0000000085200000, 0x0000000085200000, 0x0000000085300000|  0%| F|  |TAMS 0x0000000085200000, 0x0000000085200000| Untracked 
|  55|0x0000000085300000, 0x0000000085300000, 0x0000000085400000|  0%| F|  |TAMS 0x0000000085300000, 0x0000000085300000| Untracked 
|  56|0x0000000085400000, 0x0000000085400000, 0x0000000085500000|  0%| F|  |TAMS 0x0000000085400000, 0x0000000085400000| Untracked 
|  57|0x0000000085500000, 0x0000000085500000, 0x0000000085600000|  0%| F|  |TAMS 0x0000000085500000, 0x0000000085500000| Untracked 
|  58|0x0000000085600000, 0x0000000085600000, 0x0000000085700000|  0%| F|  |TAMS 0x0000000085600000, 0x0000000085600000| Untracked 
|  59|0x0000000085700000, 0x0000000085700000, 0x0000000085800000|  0%| F|  |TAMS 0x0000000085700000, 0x0000000085700000| Untracked 
|  60|0x0000000085800000, 0x0000000085800000, 0x0000000085900000|  0%| F|  |TAMS 0x0000000085800000, 0x0000000085800000| Untracked 
|  61|0x0000000085900000, 0x0000000085900000, 0x0000000085a00000|  0%| F|  |TAMS 0x0000000085900000, 0x0000000085900000| Untracked 
|  62|0x0000000085a00000, 0x0000000085a00000, 0x0000000085b00000|  0%| F|  |TAMS 0x0000000085a00000, 0x0000000085a00000| Untracked 
|  63|0x0000000085b00000, 0x0000000085b00000, 0x0000000085c00000|  0%| F|  |TAMS 0x0000000085b00000, 0x0000000085b00000| Untracked 
|  64|0x0000000085c00000, 0x0000000085c00000, 0x0000000085d00000|  0%| F|  |TAMS 0x0000000085c00000, 0x0000000085c00000| Untracked 
|  65|0x0000000085d00000, 0x0000000085d00000, 0x0000000085e00000|  0%| F|  |TAMS 0x0000000085d00000, 0x0000000085d00000| Untracked 
|  66|0x0000000085e00000, 0x0000000085e00000, 0x0000000085f00000|  0%| F|  |TAMS 0x0000000085e00000, 0x0000000085e00000| Untracked 
|  67|0x0000000085f00000, 0x0000000085f00000, 0x0000000086000000|  0%| F|  |TAMS 0x0000000085f00000, 0x0000000085f00000| Untracked 
|  68|0x0000000086000000, 0x0000000086000000, 0x0000000086100000|  0%| F|  |TAMS 0x0000000086000000, 0x0000000086000000| Untracked 
|  69|0x0000000086100000, 0x0000000086100000, 0x0000000086200000|  0%| F|  |TAMS 0x0000000086100000, 0x0000000086100000| Untracked 
|  70|0x0000000086200000, 0x0000000086200000, 0x0000000086300000|  0%| F|  |TAMS 0x0000000086200000, 0x0000000086200000| Untracked 
|  71|0x0000000086300000, 0x0000000086300000, 0x0000000086400000|  0%| F|  |TAMS 0x0000000086300000, 0x0000000086300000| Untracked 
|  72|0x0000000086400000, 0x0000000086400000, 0x0000000086500000|  0%| F|  |TAMS 0x0000000086400000, 0x0000000086400000| Untracked 
|  73|0x0000000086500000, 0x0000000086500000, 0x0000000086600000|  0%| F|  |TAMS 0x0000000086500000, 0x0000000086500000| Untracked 
|  74|0x0000000086600000, 0x0000000086600000, 0x0000000086700000|  0%| F|  |TAMS 0x0000000086600000, 0x0000000086600000| Untracked 
|  75|0x0000000086700000, 0x0000000086700000, 0x0000000086800000|  0%| F|  |TAMS 0x0000000086700000, 0x0000000086700000| Untracked 
|  76|0x0000000086800000, 0x0000000086800000, 0x0000000086900000|  0%| F|  |TAMS 0x0000000086800000, 0x0000000086800000| Untracked 
|  77|0x0000000086900000, 0x0000000086900000, 0x0000000086a00000|  0%| F|  |TAMS 0x0000000086900000, 0x0000000086900000| Untracked 
|  78|0x0000000086a00000, 0x0000000086a00000, 0x0000000086b00000|  0%| F|  |TAMS 0x0000000086a00000, 0x0000000086a00000| Untracked 
|  79|0x0000000086b00000, 0x0000000086b00000, 0x0000000086c00000|  0%| F|  |TAMS 0x0000000086b00000, 0x0000000086b00000| Untracked 
|  80|0x0000000086c00000, 0x0000000086c00000, 0x0000000086d00000|  0%| F|  |TAMS 0x0000000086c00000, 0x0000000086c00000| Untracked 
|  81|0x0000000086d00000, 0x0000000086d00000, 0x0000000086e00000|  0%| F|  |TAMS 0x0000000086d00000, 0x0000000086d00000| Untracked 
|  82|0x0000000086e00000, 0x0000000086e00000, 0x0000000086f00000|  0%| F|  |TAMS 0x0000000086e00000, 0x0000000086e00000| Untracked 
|  83|0x0000000086f00000, 0x0000000086f00000, 0x0000000087000000|  0%| F|  |TAMS 0x0000000086f00000, 0x0000000086f00000| Untracked 
|  84|0x0000000087000000, 0x0000000087000000, 0x0000000087100000|  0%| F|  |TAMS 0x0000000087000000, 0x0000000087000000| Untracked 
|  85|0x0000000087100000, 0x0000000087100000, 0x0000000087200000|  0%| F|  |TAMS 0x0000000087100000, 0x0000000087100000| Untracked 
|  86|0x0000000087200000, 0x0000000087200000, 0x0000000087300000|  0%| F|  |TAMS 0x0000000087200000, 0x0000000087200000| Untracked 
|  87|0x0000000087300000, 0x0000000087300000, 0x0000000087400000|  0%| F|  |TAMS 0x0000000087300000, 0x0000000087300000| Untracked 
|  88|0x0000000087400000, 0x0000000087400000, 0x0000000087500000|  0%| F|  |TAMS 0x0000000087400000, 0x0000000087400000| Untracked 
|  89|0x0000000087500000, 0x0000000087500000, 0x0000000087600000|  0%| F|  |TAMS 0x0000000087500000, 0x0000000087500000| Untracked 
|  90|0x0000000087600000, 0x0000000087600000, 0x0000000087700000|  0%| F|  |TAMS 0x0000000087600000, 0x0000000087600000| Untracked 
|  91|0x0000000087700000, 0x0000000087700000, 0x0000000087800000|  0%| F|  |TAMS 0x0000000087700000, 0x0000000087700000| Untracked 
|  92|0x0000000087800000, 0x0000000087800000, 0x0000000087900000|  0%| F|  |TAMS 0x0000000087800000, 0x0000000087800000| Untracked 
|  93|0x0000000087900000, 0x0000000087900000, 0x0000000087a00000|  0%| F|  |TAMS 0x0000000087900000, 0x0000000087900000| Untracked 
|  94|0x0000000087a00000, 0x0000000087a00000, 0x0000000087b00000|  0%| F|  |TAMS 0x0000000087a00000, 0x0000000087a00000| Untracked 
|  95|0x0000000087b00000, 0x0000000087b00000, 0x0000000087c00000|  0%| F|  |TAMS 0x0000000087b00000, 0x0000000087b00000| Untracked 
|  96|0x0000000087c00000, 0x0000000087c00000, 0x0000000087d00000|  0%| F|  |TAMS 0x0000000087c00000, 0x0000000087c00000| Untracked 
|  97|0x0000000087d00000, 0x0000000087d00000, 0x0000000087e00000|  0%| F|  |TAMS 0x0000000087d00000, 0x0000000087d00000| Untracked 
|  98|0x0000000087e00000, 0x0000000087e00000, 0x0000000087f00000|  0%| F|  |TAMS 0x0000000087e00000, 0x0000000087e00000| Untracked 
|  99|0x0000000087f00000, 0x0000000087f00000, 0x0000000088000000|  0%| F|  |TAMS 0x0000000087f00000, 0x0000000087f00000| Untracked 
| 100|0x0000000088000000, 0x0000000088000000, 0x0000000088100000|  0%| F|  |TAMS 0x0000000088000000, 0x0000000088000000| Untracked 
| 101|0x0000000088100000, 0x0000000088100000, 0x0000000088200000|  0%| F|  |TAMS 0x0000000088100000, 0x0000000088100000| Untracked 
| 102|0x0000000088200000, 0x0000000088200000, 0x0000000088300000|  0%| F|  |TAMS 0x0000000088200000, 0x0000000088200000| Untracked 
| 103|0x0000000088300000, 0x0000000088300000, 0x0000000088400000|  0%| F|  |TAMS 0x0000000088300000, 0x0000000088300000| Untracked 
| 104|0x0000000088400000, 0x0000000088400000, 0x0000000088500000|  0%| F|  |TAMS 0x0000000088400000, 0x0000000088400000| Untracked 
| 105|0x0000000088500000, 0x0000000088500000, 0x0000000088600000|  0%| F|  |TAMS 0x0000000088500000, 0x0000000088500000| Untracked 
| 106|0x0000000088600000, 0x0000000088600000, 0x0000000088700000|  0%| F|  |TAMS 0x0000000088600000, 0x0000000088600000| Untracked 
| 107|0x0000000088700000, 0x0000000088700000, 0x0000000088800000|  0%| F|  |TAMS 0x0000000088700000, 0x0000000088700000| Untracked 
| 108|0x0000000088800000, 0x0000000088800000, 0x0000000088900000|  0%| F|  |TAMS 0x0000000088800000, 0x0000000088800000| Untracked 
| 109|0x0000000088900000, 0x0000000088900000, 0x0000000088a00000|  0%| F|  |TAMS 0x0000000088900000, 0x0000000088900000| Untracked 
| 110|0x0000000088a00000, 0x0000000088a00000, 0x0000000088b00000|  0%| F|  |TAMS 0x0000000088a00000, 0x0000000088a00000| Untracked 
| 111|0x0000000088b00000, 0x0000000088b00000, 0x0000000088c00000|  0%| F|  |TAMS 0x0000000088b00000, 0x0000000088b00000| Untracked 
| 112|0x0000000088c00000, 0x0000000088c00000, 0x0000000088d00000|  0%| F|  |TAMS 0x0000000088c00000, 0x0000000088c00000| Untracked 
| 113|0x0000000088d00000, 0x0000000088d00000, 0x0000000088e00000|  0%| F|  |TAMS 0x0000000088d00000, 0x0000000088d00000| Untracked 
| 114|0x0000000088e00000, 0x0000000088e00000, 0x0000000088f00000|  0%| F|  |TAMS 0x0000000088e00000, 0x0000000088e00000| Untracked 
| 115|0x0000000088f00000, 0x0000000088f00000, 0x0000000089000000|  0%| F|  |TAMS 0x0000000088f00000, 0x0000000088f00000| Untracked 
| 116|0x0000000089000000, 0x0000000089000000, 0x0000000089100000|  0%| F|  |TAMS 0x0000000089000000, 0x0000000089000000| Untracked 
| 117|0x0000000089100000, 0x000000008918b0d8, 0x0000000089200000| 54%| S|CS|TAMS 0x0000000089100000, 0x0000000089100000| Complete 
| 118|0x0000000089200000, 0x0000000089300000, 0x0000000089300000|100%| S|CS|TAMS 0x0000000089200000, 0x0000000089200000| Complete 
| 119|0x0000000089300000, 0x0000000089400000, 0x0000000089400000|100%| S|CS|TAMS 0x0000000089300000, 0x0000000089300000| Complete 
| 120|0x0000000089400000, 0x0000000089400000, 0x0000000089500000|  0%| F|  |TAMS 0x0000000089400000, 0x0000000089400000| Untracked 
| 121|0x0000000089500000, 0x0000000089500000, 0x0000000089600000|  0%| F|  |TAMS 0x0000000089500000, 0x0000000089500000| Untracked 
| 122|0x0000000089600000, 0x0000000089600000, 0x0000000089700000|  0%| F|  |TAMS 0x0000000089600000, 0x0000000089600000| Untracked 
| 123|0x0000000089700000, 0x0000000089800000, 0x0000000089800000|100%| E|  |TAMS 0x0000000089700000, 0x0000000089700000| Complete 
| 124|0x0000000089800000, 0x0000000089900000, 0x0000000089900000|100%| E|CS|TAMS 0x0000000089800000, 0x0000000089800000| Complete 
| 125|0x0000000089900000, 0x0000000089a00000, 0x0000000089a00000|100%| E|CS|TAMS 0x0000000089900000, 0x0000000089900000| Complete 
| 126|0x0000000089a00000, 0x0000000089b00000, 0x0000000089b00000|100%| E|CS|TAMS 0x0000000089a00000, 0x0000000089a00000| Complete 
| 127|0x0000000089b00000, 0x0000000089c00000, 0x0000000089c00000|100%| E|CS|TAMS 0x0000000089b00000, 0x0000000089b00000| Complete 

Card table byte_map: [0x000001dbe9520000,0x000001dbe9920000] _byte_map_base: 0x000001dbe9112000

Marking Bits (Prev, Next): (CMBitMap*) 0x000001dbd1e4b2d0, (CMBitMap*) 0x000001dbd1e4b298
 Prev Bits: [0x000001dbebcb0000, 0x000001dbedc40000)
 Next Bits: [0x000001dbe9d20000, 0x000001dbebcb0000)

Polling page: 0x000001dbcfe10000

Metaspace:

Usage:
  Non-class:     19.05 MB capacity,    18.86 MB ( 99%) used,   173.95 KB ( <1%) free+waste,    28.44 KB ( <1%) overhead. 
      Class:      2.42 MB capacity,     2.33 MB ( 96%) used,    74.77 KB (  3%) free+waste,    11.94 KB ( <1%) overhead. 
       Both:     21.47 MB capacity,    21.19 MB ( 99%) used,   248.72 KB (  1%) free+waste,    40.38 KB ( <1%) overhead. 

Virtual space:
  Non-class space:       20.00 MB reserved,      19.17 MB ( 96%) committed 
      Class space:        1.00 GB reserved,       2.50 MB ( <1%) committed 
             Both:        1.02 GB reserved,      21.67 MB (  2%) committed 

Chunk freelists:
   Non-Class:  1.13 KB
       Class:  2.63 KB
        Both:  3.75 KB

CodeHeap 'non-profiled nmethods': size=120064Kb used=587Kb max_used=587Kb free=119476Kb
 bounds [0x000001dbe1be0000, 0x000001dbe1e50000, 0x000001dbe9120000]
CodeHeap 'profiled nmethods': size=120000Kb used=2752Kb max_used=2752Kb free=117247Kb
 bounds [0x000001dbda6b0000, 0x000001dbda970000, 0x000001dbe1be0000]
CodeHeap 'non-nmethods': size=5696Kb used=1135Kb max_used=1165Kb free=4560Kb
 bounds [0x000001dbda120000, 0x000001dbda390000, 0x000001dbda6b0000]
 total_blobs=2251 nmethods=1447 adapters=372
 compilation: enabled
              stopped_count=0, restarted_count=0
 full_count=0

Compilation events (10 events):
Event: 2.551 Thread 0x000001dbf1a3d800 nmethod 1444 0x000001dbe1c69510 code [0x000001dbe1c696c0, 0x000001dbe1c698d8]
Event: 2.556 Thread 0x000001dbf0aca800 1445       3       kotlin.reflect.jvm.internal.ReflectProperties::lazySoft (18 bytes)
Event: 2.557 Thread 0x000001dbf0aca800 nmethod 1445 0x000001dbda95e210 code [0x000001dbda95e3e0, 0x000001dbda95e640]
Event: 2.557 Thread 0x000001dbf0aca800 1446       3       kotlin.reflect.jvm.internal.ReflectProperties$LazySoftVal::<init> (43 bytes)
Event: 2.558 Thread 0x000001dbf0aca800 nmethod 1446 0x000001dbda95e710 code [0x000001dbda95e9c0, 0x000001dbda95f8c0]
Event: 2.563 Thread 0x000001dbf1a3d800 1447   !   4       java.util.WeakHashMap::expungeStaleEntries (139 bytes)
Event: 2.568 Thread 0x000001dbf0aca800 1448       3       java.util.HashMap::tableSizeFor (32 bytes)
Event: 2.568 Thread 0x000001dbf0aca800 nmethod 1448 0x000001dbda95fc90 code [0x000001dbda95fe60, 0x000001dbda9600b0]
Event: 2.592 Thread 0x000001dbf1a3d800 nmethod 1447 0x000001dbe1c69a90 code [0x000001dbe1c69c60, 0x000001dbe1c6b0f8]
Event: 2.628 Thread 0x000001dbf0ac8800 nmethod 1260 0x000001dbe1c6b490 code [0x000001dbe1c6b8c0, 0x000001dbe1c70378]

GC Heap History (8 events):
Event: 0.970 GC heap before
{Heap before GC invocations=0 (full 0):
 garbage-first heap   total 131072K, used 13312K [0x0000000081c00000, 0x0000000100000000)
  region size 1024K, 14 young (14336K), 0 survivors (0K)
 Metaspace       used 10463K, capacity 10643K, committed 10880K, reserved 1058816K
  class space    used 981K, capacity 1056K, committed 1152K, reserved 1048576K
}
Event: 0.988 GC heap after
{Heap after GC invocations=1 (full 0):
 garbage-first heap   total 131072K, used 3847K [0x0000000081c00000, 0x0000000100000000)
  region size 1024K, 2 young (2048K), 2 survivors (2048K)
 Metaspace       used 10463K, capacity 10643K, committed 10880K, reserved 1058816K
  class space    used 981K, capacity 1056K, committed 1152K, reserved 1048576K
}
Event: 1.231 GC heap before
{Heap before GC invocations=1 (full 0):
 garbage-first heap   total 131072K, used 13063K [0x0000000081c00000, 0x0000000100000000)
  region size 1024K, 11 young (11264K), 2 survivors (2048K)
 Metaspace       used 13297K, capacity 13567K, committed 13824K, reserved 1060864K
  class space    used 1341K, capacity 1436K, committed 1536K, reserved 1048576K
}
Event: 1.235 GC heap after
{Heap after GC invocations=2 (full 0):
 garbage-first heap   total 131072K, used 4661K [0x0000000081c00000, 0x0000000100000000)
  region size 1024K, 1 young (1024K), 1 survivors (1024K)
 Metaspace       used 13297K, capacity 13567K, committed 13824K, reserved 1060864K
  class space    used 1341K, capacity 1436K, committed 1536K, reserved 1048576K
}
Event: 2.232 GC heap before
{Heap before GC invocations=2 (full 0):
 garbage-first heap   total 131072K, used 31285K [0x0000000081c00000, 0x0000000100000000)
  region size 1024K, 28 young (28672K), 1 survivors (1024K)
 Metaspace       used 19736K, capacity 19999K, committed 20224K, reserved 1067008K
  class space    used 2140K, capacity 2218K, committed 2304K, reserved 1048576K
}
Event: 2.238 GC heap after
{Heap after GC invocations=3 (full 0):
 garbage-first heap   total 131072K, used 6011K [0x0000000081c00000, 0x0000000100000000)
  region size 1024K, 3 young (3072K), 3 survivors (3072K)
 Metaspace       used 19736K, capacity 19999K, committed 20224K, reserved 1067008K
  class space    used 2140K, capacity 2218K, committed 2304K, reserved 1048576K
}
Event: 2.435 GC heap before
{Heap before GC invocations=3 (full 0):
 garbage-first heap   total 131072K, used 13179K [0x0000000081c00000, 0x0000000100000000)
  region size 1024K, 11 young (11264K), 3 survivors (3072K)
 Metaspace       used 20938K, capacity 21183K, committed 21296K, reserved 1069056K
  class space    used 2290K, capacity 2378K, committed 2432K, reserved 1048576K
}
Event: 2.439 GC heap after
{Heap after GC invocations=4 (full 0):
 garbage-first heap   total 131072K, used 6474K [0x0000000081c00000, 0x0000000100000000)
  region size 1024K, 3 young (3072K), 3 survivors (3072K)
 Metaspace       used 20938K, capacity 21183K, committed 21296K, reserved 1069056K
  class space    used 2290K, capacity 2378K, committed 2432K, reserved 1048576K
}

Deoptimization events (10 events):
Event: 1.735 Thread 0x000001dbd1e0c800 Uncommon trap: reason=bimorphic_or_optimized_type_check action=maybe_recompile pc=0x000001dbe1c40838 method=java.util.HashMap.putVal(ILjava/lang/Object;Ljava/lang/Object;ZZ)Ljava/lang/Object; @ 91 c2
Event: 1.735 Thread 0x000001dbd1e0c800 Uncommon trap: reason=unstable_if action=reinterpret pc=0x000001dbe1c30c6c method=java.util.HashMap.getNode(ILjava/lang/Object;)Ljava/util/HashMap$Node; @ 62 c2
Event: 1.735 Thread 0x000001dbd1e0c800 Uncommon trap: reason=bimorphic_or_optimized_type_check action=maybe_recompile pc=0x000001dbe1c40838 method=java.util.HashMap.putVal(ILjava/lang/Object;Ljava/lang/Object;ZZ)Ljava/lang/Object; @ 91 c2
Event: 1.735 Thread 0x000001dbd1e0c800 Uncommon trap: reason=bimorphic_or_optimized_type_check action=maybe_recompile pc=0x000001dbe1c40838 method=java.util.HashMap.putVal(ILjava/lang/Object;Ljava/lang/Object;ZZ)Ljava/lang/Object; @ 91 c2
Event: 1.735 Thread 0x000001dbd1e0c800 Uncommon trap: reason=bimorphic_or_optimized_type_check action=maybe_recompile pc=0x000001dbe1c40838 method=java.util.HashMap.putVal(ILjava/lang/Object;Ljava/lang/Object;ZZ)Ljava/lang/Object; @ 91 c2
Event: 1.925 Thread 0x000001dbd1e0c800 Uncommon trap: reason=unstable_if action=reinterpret pc=0x000001dbe1c12e18 method=java.util.jar.JarFile.checkForSpecialAttributes()V @ 4 c2
Event: 2.470 Thread 0x000001dbd1e0c800 Uncommon trap: reason=class_check action=maybe_recompile pc=0x000001dbe1c5f000 method=kotlin.reflect.jvm.internal.impl.protobuf.CodedInputStream.tryRefillBuffer(I)Z @ 175 c2
Event: 2.470 Thread 0x000001dbd1e0c800 Uncommon trap: reason=class_check action=maybe_recompile pc=0x000001dbe1c5f000 method=kotlin.reflect.jvm.internal.impl.protobuf.CodedInputStream.tryRefillBuffer(I)Z @ 175 c2
Event: 2.470 Thread 0x000001dbd1e0c800 Uncommon trap: reason=class_check action=maybe_recompile pc=0x000001dbe1c5f000 method=kotlin.reflect.jvm.internal.impl.protobuf.CodedInputStream.tryRefillBuffer(I)Z @ 175 c2
Event: 2.470 Thread 0x000001dbd1e0c800 Uncommon trap: reason=class_check action=maybe_recompile pc=0x000001dbe1c5f000 method=kotlin.reflect.jvm.internal.impl.protobuf.CodedInputStream.tryRefillBuffer(I)Z @ 175 c2

Classes redefined (0 events):
No events

Internal exceptions (10 events):
Event: 1.189 Thread 0x000001dbd1e0c800 Exception <a 'java/lang/NoSuchMethodError'{0x00000000895ee680}: org.slf4j.impl.StaticMDCBinder.getSingleton()Lorg/slf4j/impl/StaticMDCBinder;> (0x00000000895ee680) thrown at [t:/workspace/open/src/hotspot/share/interpreter/linkResolver.cpp, line 772]
Event: 1.269 Thread 0x000001dbd1e0c800 Exception <a 'java/lang/UnsatisfiedLinkError'{0x0000000089ac4930}: io.netty.channel.kqueue.Native.sizeofKEvent()I> (0x0000000089ac4930) thrown at [t:/workspace/open/src/hotspot/share/prims/nativeLookup.cpp, line 382]
Event: 1.269 Thread 0x000001dbd1e0c800 Exception <a 'java/lang/ExceptionInInitializerError'{0x0000000089ac5008}> (0x0000000089ac5008) thrown at [t:/workspace/open/src/hotspot/share/oops/instanceKlass.cpp, line 1035]
Event: 1.271 Thread 0x000001dbd1e0c800 Exception <a 'java/lang/UnsatisfiedLinkError'{0x0000000089ad7d80}: io.netty.channel.epoll.Native.offsetofEpollData()I> (0x0000000089ad7d80) thrown at [t:/workspace/open/src/hotspot/share/prims/nativeLookup.cpp, line 382]
Event: 1.271 Thread 0x000001dbd1e0c800 Exception <a 'java/lang/ExceptionInInitializerError'{0x0000000089ad83f8}> (0x0000000089ad83f8) thrown at [t:/workspace/open/src/hotspot/share/oops/instanceKlass.cpp, line 1035]
Event: 1.345 Thread 0x000001dbd1e0c800 Exception <a 'java/lang/NoSuchMethodError'{0x0000000089699868}: java.lang.invoke.DirectMethodHandle$Holder.invokeSpecialIFC(Ljava/lang/Object;Ljava/lang/Object;I)I> (0x0000000089699868) thrown at [t:/workspace/open/src/hotspot/share/interpreter/linkResolv
Event: 1.369 Thread 0x000001dbd1e0c800 Exception <a 'java/lang/NoSuchMethodError'{0x000000008951a850}: java.lang.invoke.DirectMethodHandle$Holder.invokeStaticInit(Ljava/lang/Object;Ljava/lang/Object;Ljava/lang/Object;)Ljava/lang/Object;> (0x000000008951a850) thrown at [t:/workspace/open/src/ho
Event: 1.409 Thread 0x000001dbd1e0c800 Exception <a 'java/lang/NoSuchMethodError'{0x000000008947c868}: java.lang.invoke.DirectMethodHandle$Holder.invokeStaticInit(Ljava/lang/Object;IIII)Ljava/lang/Object;> (0x000000008947c868) thrown at [t:/workspace/open/src/hotspot/share/interpreter/linkReso
Event: 1.614 Thread 0x000001dbd1e0c800 Exception <a 'java/lang/NoSuchMethodError'{0x00000000894ccfb8}: java.lang.invoke.DirectMethodHandle$Holder.invokeStaticInit(Ljava/lang/Object;Ljava/lang/Object;IIII)Ljava/lang/Object;> (0x00000000894ccfb8) thrown at [t:/workspace/open/src/hotspot/share/in
Event: 1.642 Thread 0x000001dbd1e0c800 Exception <a 'java/lang/IllegalArgumentException'{0x000000008939e858}: object is not an instance of declaring class> (0x000000008939e858) thrown at [t:/workspace/open/src/hotspot/share/runtime/reflection.cpp, line 1104]

Events (10 events):
Event: 6.060 loading class jssc/SerialPort
Event: 6.060 loading class jssc/SerialPort done
Event: 6.061 loading class jssc/SerialPortException
Event: 6.061 loading class jssc/SerialPortException done
Event: 6.062 loading class jssc/SerialPort$EventThread
Event: 6.062 loading class jssc/SerialPort$EventThread done
Event: 6.062 loading class jssc/SerialPort$LinuxEventThread
Event: 6.062 loading class jssc/SerialPort$LinuxEventThread done
Event: 6.063 loading class jssc/SerialPortTimeoutException
Event: 6.063 loading class jssc/SerialPortTimeoutException done


Dynamic libraries:
0x00007ff7aad90000 - 0x00007ff7aadd7000 	C:\Program Files\Java\jdk-11.0.1\bin\java.exe
0x00007ffce82c0000 - 0x00007ffce84b0000 	C:\WINDOWS\SYSTEM32\ntdll.dll
0x00007ffce6da0000 - 0x00007ffce6e52000 	C:\WINDOWS\System32\KERNEL32.DLL
0x00007ffce60c0000 - 0x00007ffce6363000 	C:\WINDOWS\System32\KERNELBASE.dll
0x00007ffce7500000 - 0x00007ffce75a3000 	C:\WINDOWS\System32\ADVAPI32.dll
0x00007ffce6ed0000 - 0x00007ffce6f6e000 	C:\WINDOWS\System32\msvcrt.dll
0x00007ffce6fe0000 - 0x00007ffce7077000 	C:\WINDOWS\System32\sechost.dll
0x00007ffce75b0000 - 0x00007ffce76d0000 	C:\WINDOWS\System32\RPCRT4.dll
0x00007ffce76d0000 - 0x00007ffce7864000 	C:\WINDOWS\System32\USER32.dll
0x00007ffce5ca0000 - 0x00007ffce5cc1000 	C:\WINDOWS\System32\win32u.dll
0x00007ffce6c30000 - 0x00007ffce6c56000 	C:\WINDOWS\System32\GDI32.dll
0x00007ffce59d0000 - 0x00007ffce5b64000 	C:\WINDOWS\System32\gdi32full.dll
0x00007ffce5ea0000 - 0x00007ffce5f3e000 	C:\WINDOWS\System32\msvcp_win.dll
0x00007ffce5fc0000 - 0x00007ffce60ba000 	C:\WINDOWS\System32\ucrtbase.dll
0x00007ffce4690000 - 0x00007ffce4915000 	C:\WINDOWS\WinSxS\amd64_microsoft.windows.common-controls_6595b64144ccf1df_6.0.18362.720_none_e6beb5c51314836b\COMCTL32.dll
0x00007ffce6390000 - 0x00007ffce66c6000 	C:\WINDOWS\System32\combase.dll
0x00007ffce5f40000 - 0x00007ffce5fc0000 	C:\WINDOWS\System32\bcryptPrimitives.dll
0x00007ffcddbf0000 - 0x00007ffcddbfa000 	C:\WINDOWS\SYSTEM32\VERSION.dll
0x00007ffce7870000 - 0x00007ffce789e000 	C:\WINDOWS\System32\IMM32.DLL
0x00007ffcdea10000 - 0x00007ffcdea26000 	C:\Program Files\Java\jdk-11.0.1\bin\vcruntime140.dll
0x00007ffcd1c00000 - 0x00007ffcd1caa000 	C:\Program Files\Java\jdk-11.0.1\bin\msvcp140.dll
0x00007ffc9b700000 - 0x00007ffc9c242000 	C:\Program Files\Java\jdk-11.0.1\bin\server\jvm.dll
0x00007ffce74f0000 - 0x00007ffce74f8000 	C:\WINDOWS\System32\PSAPI.DLL
0x00007ffccf1a0000 - 0x00007ffccf1a9000 	C:\WINDOWS\SYSTEM32\WSOCK32.dll
0x00007ffce8190000 - 0x00007ffce81ff000 	C:\WINDOWS\System32\WS2_32.dll
0x00007ffce1e30000 - 0x00007ffce1e54000 	C:\WINDOWS\SYSTEM32\WINMM.dll
0x00007ffce1de0000 - 0x00007ffce1e0d000 	C:\WINDOWS\SYSTEM32\WINMMBASE.dll
0x00007ffce5cd0000 - 0x00007ffce5d1a000 	C:\WINDOWS\System32\cfgmgr32.dll
0x00007ffce51c0000 - 0x00007ffce51d1000 	C:\WINDOWS\System32\kernel.appcore.dll
0x00007ffcde580000 - 0x00007ffcde591000 	C:\Program Files\Java\jdk-11.0.1\bin\verify.dll
0x00007ffce4ca0000 - 0x00007ffce4e94000 	C:\WINDOWS\SYSTEM32\DBGHELP.DLL
0x00007ffce4bb0000 - 0x00007ffce4bda000 	C:\WINDOWS\SYSTEM32\dbgcore.DLL
0x00007ffcda990000 - 0x00007ffcda9b9000 	C:\Program Files\Java\jdk-11.0.1\bin\java.dll
0x00007ffcb3f80000 - 0x00007ffcb3faf000 	C:\Program Files\Java\jdk-11.0.1\bin\instrument.dll
0x00007ffcd2350000 - 0x00007ffcd2366000 	C:\Program Files\Java\jdk-11.0.1\bin\zip.dll
0x00007ffce3420000 - 0x00007ffce342a000 	C:\Program Files\Java\jdk-11.0.1\bin\jimage.dll
0x00007ffce79f0000 - 0x00007ffce80d5000 	C:\WINDOWS\System32\SHELL32.dll
0x00007ffce6b20000 - 0x00007ffce6bc9000 	C:\WINDOWS\System32\shcore.dll
0x00007ffce5250000 - 0x00007ffce59d0000 	C:\WINDOWS\System32\windows.storage.dll
0x00007ffce5190000 - 0x00007ffce51b3000 	C:\WINDOWS\System32\profapi.dll
0x00007ffce51e0000 - 0x00007ffce522a000 	C:\WINDOWS\System32\powrprof.dll
0x00007ffce5180000 - 0x00007ffce5190000 	C:\WINDOWS\System32\UMPDC.dll
0x00007ffce6f80000 - 0x00007ffce6fd2000 	C:\WINDOWS\System32\shlwapi.dll
0x00007ffce5c20000 - 0x00007ffce5c37000 	C:\WINDOWS\System32\cryptsp.dll
0x00007ffcc8630000 - 0x00007ffcc8649000 	C:\Program Files\Java\jdk-11.0.1\bin\net.dll
0x00007ffcd5920000 - 0x00007ffcd5a11000 	C:\WINDOWS\SYSTEM32\WINHTTP.dll
0x00007ffce4370000 - 0x00007ffce43d7000 	C:\WINDOWS\system32\mswsock.dll
0x00007ffcc8530000 - 0x00007ffcc8543000 	C:\Program Files\Java\jdk-11.0.1\bin\nio.dll
0x00007ffcc6190000 - 0x00007ffcc61aa000 	C:\Program Files\JetBrains\IntelliJ IDEA 2019.2.3\bin\breakgen64.dll
0x00007ffcda980000 - 0x00007ffcda989000 	C:\Program Files\Java\jdk-11.0.1\bin\management.dll
0x00007ffcd80c0000 - 0x00007ffcd80cc000 	C:\Program Files\Java\jdk-11.0.1\bin\management_ext.dll
0x00007ffce3e80000 - 0x00007ffce3eb3000 	C:\WINDOWS\system32\rsaenh.dll
0x00007ffce5d20000 - 0x00007ffce5d46000 	C:\WINDOWS\System32\bcrypt.dll
0x00007ffce50a0000 - 0x00007ffce50c5000 	C:\WINDOWS\SYSTEM32\USERENV.dll
0x00007ffce4540000 - 0x00007ffce454c000 	C:\WINDOWS\SYSTEM32\CRYPTBASE.dll
0x00007ffce4020000 - 0x00007ffce405a000 	C:\WINDOWS\SYSTEM32\IPHLPAPI.DLL
0x00007ffce6f70000 - 0x00007ffce6f78000 	C:\WINDOWS\System32\NSI.dll
0x00007ffcdacb0000 - 0x00007ffcdacc6000 	C:\WINDOWS\SYSTEM32\dhcpcsvc6.DLL
0x00007ffcdae60000 - 0x00007ffcdae7c000 	C:\WINDOWS\SYSTEM32\dhcpcsvc.DLL
0x00007ffce4060000 - 0x00007ffce412a000 	C:\WINDOWS\SYSTEM32\DNSAPI.dll
0x0000000071100000 - 0x0000000071125000 	C:\Users\Max\.jssc\windows\jSSC-2.8_x86_64.dll

dbghelp: loaded successfully - version: 4.0.5 - missing functions: none
symbol engine: initialized successfully - sym options: 0x614 - pdb path: .;C:\Program Files\Java\jdk-11.0.1\bin;C:\WINDOWS\SYSTEM32;C:\WINDOWS\WinSxS\amd64_microsoft.windows.common-controls_6595b64144ccf1df_6.0.18362.720_none_e6beb5c51314836b;C:\Program Files\Java\jdk-11.0.1\bin\server;C:\Program Files\JetBrains\IntelliJ IDEA 2019.2.3\bin;C:\Users\Max\.jssc\windows

VM Arguments:
jvm_args: -javaagent:C:\Program Files\JetBrains\IntelliJ IDEA 2019.2.3\lib\idea_rt.jar=58386:C:\Program Files\JetBrains\IntelliJ IDEA 2019.2.3\bin -Dfile.encoding=UTF-8 
java_command: com.example.ApplicationKt
java_class_path (initial): C:\KtorProjects\ktorExample\out\production\classes;C:\KtorProjects\ktorExample\out\production\resources;C:\KtorProjects\ktorExample\jssc.jar;C:\KtorProjects\ktorExample\json-20190722.jar;C:\Users\Max\.gradle\caches\modules-2\files-2.1\io.ktor\ktor-server-netty\1.2.6\78603b66c02d891f26f3aff013665c0f96363924\ktor-server-netty-1.2.6.jar;C:\Users\Max\.gradle\caches\modules-2\files-2.1\io.ktor\ktor-html-builder\1.2.6\731f37f644022be49c1247b42b0e1e4c505fda4f\ktor-html-builder-1.2.6.jar;C:\Users\Max\.gradle\caches\modules-2\files-2.1\io.ktor\ktor-websockets\1.2.6\c83d8b77ef2cd434795d0aadc0359cdd0741281f\ktor-websockets-1.2.6.jar;C:\Users\Max\.gradle\caches\modules-2\files-2.1\io.ktor\ktor-server-host-common\1.2.6\79f9591f89ac2ed5c53082cc6bd2a5fd9543c51e\ktor-server-host-common-1.2.6.jar;C:\Users\Max\.gradle\caches\modules-2\files-2.1\io.ktor\ktor-server-core\1.2.6\cd445b59a9ab6d004cf5d1bfa3c923928608d294\ktor-server-core-1.2.6.jar;C:\Users\Max\.gradle\caches\modules-2\files-2.1\org.jetbrains\kotlin-css-jvm\1.0.0-pre.31-kotlin-1.2.41\718c1d40ec10699ee0ab086e2e9d4d1ebe95646d\kotlin-css-jvm-1.0.0-pre.31-kotlin-1.2.41.jar;C:\Users\Max\.gradle\caches\modules-2\files-2.1\io.ktor\ktor-client-apache\1.2.6\36afdc103854aa7004f0afe035403bed7c09012e\ktor-client-apache-1.2.6.jar;C:\Users\Max\.gradle\caches\modules-2\files-2.1\io.ktor\ktor-client-cio\1.2.6\a41fe46e2e122625d125956aa8f130413697720d\ktor-client-cio-1.2.6.jar;C:\Users\Max\.gradle\caches\modules-2\files-2.1\io.ktor\ktor-client-okhttp\1.2.6\6176124fa713fca668adcd1e9bf3e67a1b6e8f75\ktor-client-okhttp-1.2.6.jar;C:\Users\Max\.gradle\caches\modules-2\files-2.1\io.ktor\ktor-client-core-jvm\1.2.6\ba45af293b96cced4b651199d6aedde0789e19d8\ktor-client-core-jvm-1.2.6.jar;C:\Users\Max\.gradle\caches\modules-2\files-2.1\io.ktor\ktor-network-tls\1.2.6\30cafbf776643bf6dcd018103eecb6bc9e48cb64\ktor-network-tls-1.2.6.jar;C:\Users\Max\.gradle\caches\modules-2\files-2.1\io.ktor\ktor-http-cio-jvm\1.2.6\589de9e89ad19
Launcher Type: SUN_STANDARD

[Global flags]
     intx CICompilerCount                          = 3                                         {product} {ergonomic}
     uint ConcGCThreads                            = 1                                         {product} {ergonomic}
     uint G1ConcRefinementThreads                  = 4                                         {product} {ergonomic}
   size_t G1HeapRegionSize                         = 1048576                                   {product} {ergonomic}
    uintx GCDrainStackTargetSize                   = 64                                        {product} {ergonomic}
   size_t InitialHeapSize                          = 134217728                                 {product} {ergonomic}
   size_t MarkStackSize                            = 4194304                                   {product} {ergonomic}
   size_t MaxHeapSize                              = 2118123520                                {product} {ergonomic}
   size_t MaxNewSize                               = 1270874112                                {product} {ergonomic}
   size_t MinHeapDeltaBytes                        = 1048576                                   {product} {ergonomic}
    uintx NonNMethodCodeHeapSize                   = 5830092                                {pd product} {ergonomic}
    uintx NonProfiledCodeHeapSize                  = 122914074                              {pd product} {ergonomic}
    uintx ProfiledCodeHeapSize                     = 122914074                              {pd product} {ergonomic}
    uintx ReservedCodeCacheSize                    = 251658240                              {pd product} {ergonomic}
     bool SegmentedCodeCache                       = true                                      {product} {ergonomic}
     bool UseCompressedClassPointers               = true                                 {lp64_product} {ergonomic}
     bool UseCompressedOops                        = true                                 {lp64_product} {ergonomic}
     bool UseG1GC                                  = true                                      {product} {ergonomic}
     bool UseLargePagesIndividualAllocation        = false                                  {pd product} {ergonomic}

Logging:
Log output configuration:
 #0: stdout all=warning uptime,level,tags
 #1: stderr all=off uptime,level,tags

Environment Variables:
JAVA_HOME=C:\Program Files\Java\jdk1.8.0_172;
PATH=C:\Program Files (x86)\Intel\iCLS Client\;C:\Program Files\Intel\iCLS Client\;C:\Windows\system32;C:\Windows;C:\Windows\System32\Wbem;C:\Windows\System32\WindowsPowerShell\v1.0\;C:\Program Files (x86)\Intel\Intel(R) Management Engine Components\DAL;C:\Program Files\Intel\Intel(R) Management Engine Components\DAL;C:\Program Files (x86)\Intel\Intel(R) Management Engine Components\IPT;C:\Program Files\Intel\Intel(R) Management Engine Components\IPT;C:\Program Files (x86)\NVIDIA Corporation\PhysX\Common;C:\Program Files\nodejs\;C:\WINDOWS\system32;C:\WINDOWS;C:\WINDOWS\System32\Wbem;C:\WINDOWS\System32\WindowsPowerShell\v1.0\;C:\WINDOWS\System32\OpenSSH\;C:\Program Files\Intel\WiFi\bin\;C:\Program Files\Common Files\Intel\WirelessCommon\;C:\Program Files\Java\jdk1.8.0_172;\bin;C:\MinGW\;C:\MinGW\bin\;C:\MinGW\MSYS\1.0\bin;C:\Program Files\Java\jdk1.8.0_172\bin\;C:\Program Files\PuTTY\;C:\Users\Max\AppData\Local\Microsoft\WindowsApps;C:\Users\Max\AppData\Roaming\npm;C:\Program Files\JetBrains\IntelliJ IDEA Community Edition 2018.3.2\bin;C:\Program Files\JetBrains\IntelliJ IDEA 2019.2.3\bin;C:\Users\Max\AppData\Local\Programs\Microsoft VS Code\bin;C:\Program Files\Java\jdk-11.0.1;C:\Program Files\Java\jdk1.8.0_172;\bin;C:\Program Files\Java\jdk1.8.0_172\bin;C:\Users\Max\AppData\Local\GitHubDesktop\bin
USERNAME=Max
OS=Windows_NT
PROCESSOR_IDENTIFIER=Intel64 Family 6 Model 142 Stepping 9, GenuineIntel



---------------  S Y S T E M  ---------------

OS: Windows 10 , 64 bit Build 18362 (10.0.18362.329)

CPU:total 4 (initial active 4) (2 cores per cpu, 2 threads per core) family 6 model 142 stepping 9, cmov, cx8, fxsr, mmx, sse, sse2, sse3, ssse3, sse4.1, sse4.2, popcnt, avx, avx2, aes, clmul, erms, 3dnowpref, lzcnt, ht, tsc, tscinvbit, bmi1, bmi2, adx, fma

Memory: 4k page, system-wide physical 8078M (1922M free)
TotalPageFile size 11918M (AvailPageFile size 3072M)
current process WorkingSet (physical memory assigned to process): 97M, peak: 110M
current process commit charge ("private bytes"): 225M, peak: 238M

vm_info: Java HotSpot(TM) 64-Bit Server VM (11.0.1+13-LTS) for windows-amd64 JRE (11.0.1+13-LTS), built on Oct  6 2018 13:20:16 by "mach5one" with MS VC++ 15.5 (VS2017)

END.
